2024-05-20 00:14:37>>>[33m中止 [0m Aria2 停止下载任务, 任务GID: d41d8cd98f00b204e9800998ecf8427e 任务名称: 迷宫饭
2024-05-20 00:14:37>>>[33m中止 [0m Aria2 停止下载任务, 任务GID: d41d8cd98f00b204e9800998ecf8427e 任务名称: 吹响吧! 上低音号 第三季
2024-05-20 00:14:38>>>[33m中止 [0m Aria2 停止下载任务, 任务GID: d41d8cd98f00b204e9800998ecf8427e 任务名称: 为美好的世界献上祝福! 第三季
2024-05-20 00:14:38>>>[33m中止 [0m Aria2 停止下载任务, 任务GID: d41d8cd98f00b204e9800998ecf8427e 任务名称: 摇曳露营 第三季
2024-05-20 00:14:39>>>[33m中止 [0m Aria2 停止下载任务, 任务GID: d41d8cd98f00b204e9800998ecf8427e 任务名称: 狼与香辛料 行商邂逅贤狼
2024-05-20 00:14:39>>>[33m中止 [0m Aria2 停止下载任务, 任务GID: d41d8cd98f00b204e9800998ecf8427e 任务名称: 夜晚的水母不会游泳
2024-05-20 00:14:40>>>[33m中止 [0m Aria2 停止下载任务, 任务GID: d41d8cd98f00b204e9800998ecf8427e 任务名称: 怪兽 8 号
2024-05-20 00:15:48>>>[33m中止 [0m Aria2 停止下载任务, 任务GID: d41d8cd98f00b204e9800998ecf8427e 任务名称: 迷宫饭
2024-05-20 00:15:48>>>[33m中止 [0m Aria2 停止下载任务, 任务GID: d41d8cd98f00b204e9800998ecf8427e 任务名称: 吹响吧! 上低音号 第三季
2024-05-20 00:15:49>>>[33m中止 [0m Aria2 停止下载任务, 任务GID: d41d8cd98f00b204e9800998ecf8427e 任务名称: 为美好的世界献上祝福! 第三季
2024-05-20 00:15:49>>>[33m中止 [0m Aria2 停止下载任务, 任务GID: d41d8cd98f00b204e9800998ecf8427e 任务名称: 摇曳露营 第三季
2024-05-20 00:15:50>>>[33m中止 [0m Aria2 停止下载任务, 任务GID: d41d8cd98f00b204e9800998ecf8427e 任务名称: 狼与香辛料 行商邂逅贤狼
2024-05-20 00:15:50>>>[33m中止 [0m Aria2 停止下载任务, 任务GID: d41d8cd98f00b204e9800998ecf8427e 任务名称: 夜晚的水母不会游泳
2024-05-20 00:15:51>>>[33m中止 [0m Aria2 停止下载任务, 任务GID: d41d8cd98f00b204e9800998ecf8427e 任务名称: 怪兽 8 号
2024-05-20 00:17:05>>>[33m中止 [0m Aria2 停止下载任务, 任务GID: d41d8cd98f00b204e9800998ecf8427e 任务名称: 迷宫饭
2024-05-20 00:17:05>>>[33m中止 [0m Aria2 停止下载任务, 任务GID: d41d8cd98f00b204e9800998ecf8427e 任务名称: 吹响吧! 上低音号 第三季
2024-05-20 00:17:06>>>[33m中止 [0m Aria2 停止下载任务, 任务GID: d41d8cd98f00b204e9800998ecf8427e 任务名称: 为美好的世界献上祝福! 第三季
2024-05-20 00:17:06>>>[33m中止 [0m Aria2 停止下载任务, 任务GID: d41d8cd98f00b204e9800998ecf8427e 任务名称: 摇曳露营 第三季
2024-05-20 00:17:07>>>[33m中止 [0m Aria2 停止下载任务, 任务GID: d41d8cd98f00b204e9800998ecf8427e 任务名称: 狼与香辛料 行商邂逅贤狼
2024-05-20 00:17:08>>>[33m中止 [0m Aria2 停止下载任务, 任务GID: d41d8cd98f00b204e9800998ecf8427e 任务名称: 夜晚的水母不会游泳
2024-05-20 00:17:08>>>[33m中止 [0m Aria2 停止下载任务, 任务GID: d41d8cd98f00b204e9800998ecf8427e 任务名称: 怪兽 8 号
2024-05-20 00:18:29>>>[33m中止 [0m Aria2 停止下载任务, 任务GID: d41d8cd98f00b204e9800998ecf8427e 任务名称: 迷宫饭
2024-05-20 00:18:37>>>[33m中止 [0m Aria2 停止下载任务, 任务GID: d41d8cd98f00b204e9800998ecf8427e 任务名称: 吹响吧! 上低音号 第三季
2024-05-20 00:18:37>>>[33m中止 [0m Aria2 停止下载任务, 任务GID: d41d8cd98f00b204e9800998ecf8427e 任务名称: 为美好的世界献上祝福! 第三季
2024-05-20 00:18:38>>>[33m中止 [0m Aria2 停止下载任务, 任务GID: d41d8cd98f00b204e9800998ecf8427e 任务名称: 摇曳露营 第三季
2024-05-20 00:18:39>>>[33m中止 [0m Aria2 停止下载任务, 任务GID: d41d8cd98f00b204e9800998ecf8427e 任务名称: 狼与香辛料 行商邂逅贤狼
2024-05-20 00:18:39>>>[33m中止 [0m Aria2 停止下载任务, 任务GID: d41d8cd98f00b204e9800998ecf8427e 任务名称: 夜晚的水母不会游泳
2024-05-20 00:18:40>>>[33m中止 [0m Aria2 停止下载任务, 任务GID: d41d8cd98f00b204e9800998ecf8427e 任务名称: 怪兽 8 号
2024-05-20 00:19:03>>>[33m中止 [0m Aria2 停止下载任务, 任务GID: d41d8cd98f00b204e9800998ecf8427e 任务名称: 迷宫饭
2024-05-20 00:19:06>>>[33m中止 [0m Aria2 停止下载任务, 任务GID: d41d8cd98f00b204e9800998ecf8427e 任务名称: 吹响吧! 上低音号 第三季
2024-05-20 00:19:06>>>[33m中止 [0m Aria2 停止下载任务, 任务GID: d41d8cd98f00b204e9800998ecf8427e 任务名称: 为美好的世界献上祝福! 第三季
2024-05-20 00:19:07>>>[33m中止 [0m Aria2 停止下载任务, 任务GID: d41d8cd98f00b204e9800998ecf8427e 任务名称: 摇曳露营 第三季
2024-05-20 00:19:07>>>[33m中止 [0m Aria2 停止下载任务, 任务GID: d41d8cd98f00b204e9800998ecf8427e 任务名称: 狼与香辛料 行商邂逅贤狼
2024-05-20 00:19:08>>>[33m中止 [0m Aria2 停止下载任务, 任务GID: d41d8cd98f00b204e9800998ecf8427e 任务名称: 夜晚的水母不会游泳
2024-05-20 00:19:09>>>[33m中止 [0m Aria2 停止下载任务, 任务GID: d41d8cd98f00b204e9800998ecf8427e 任务名称: 怪兽 8 号
2024-05-20 00:19:56>>>[33m中止 [0m Aria2 停止下载任务, 任务GID: d41d8cd98f00b204e9800998ecf8427e 任务名称: 迷宫饭
2024-05-20 00:19:57>>>[33m中止 [0m Aria2 停止下载任务, 任务GID: d41d8cd98f00b204e9800998ecf8427e 任务名称: 吹响吧! 上低音号 第三季
2024-05-20 00:19:58>>>[33m中止 [0m Aria2 停止下载任务, 任务GID: d41d8cd98f00b204e9800998ecf8427e 任务名称: 为美好的世界献上祝福! 第三季
2024-05-20 00:19:58>>>[33m中止 [0m Aria2 停止下载任务, 任务GID: d41d8cd98f00b204e9800998ecf8427e 任务名称: 摇曳露营 第三季
2024-05-20 00:19:59>>>[33m中止 [0m Aria2 停止下载任务, 任务GID: d41d8cd98f00b204e9800998ecf8427e 任务名称: 狼与香辛料 行商邂逅贤狼
2024-05-20 00:20:26>>>[33m中止 [0m Aria2 停止下载任务, 任务GID: d41d8cd98f00b204e9800998ecf8427e 任务名称: 迷宫饭
2024-05-20 00:20:28>>>[33m中止 [0m Aria2 停止下载任务, 任务GID: d41d8cd98f00b204e9800998ecf8427e 任务名称: 吹响吧! 上低音号 第三季
2024-05-20 00:20:28>>>[33m中止 [0m Aria2 停止下载任务, 任务GID: d41d8cd98f00b204e9800998ecf8427e 任务名称: 为美好的世界献上祝福! 第三季
2024-05-20 00:20:29>>>[33m中止 [0m Aria2 停止下载任务, 任务GID: d41d8cd98f00b204e9800998ecf8427e 任务名称: 摇曳露营 第三季
2024-05-20 00:20:29>>>[33m中止 [0m Aria2 停止下载任务, 任务GID: d41d8cd98f00b204e9800998ecf8427e 任务名称: 狼与香辛料 行商邂逅贤狼
2024-05-20 00:20:30>>>[33m中止 [0m Aria2 停止下载任务, 任务GID: d41d8cd98f00b204e9800998ecf8427e 任务名称: 夜晚的水母不会游泳
2024-05-20 00:20:31>>>[33m中止 [0m Aria2 停止下载任务, 任务GID: d41d8cd98f00b204e9800998ecf8427e 任务名称: 怪兽 8 号
